[debug] [2023-08-13T20:04:58.923Z] ----------------------------------------------------------------------
[debug] [2023-08-13T20:04:58.925Z] Command:       C:\Program Files\nodejs\node.exe C:\Users\FRESA\AppData\Roaming\npm\node_modules\firebase-tools\lib\bin\firebase.js init hosting
[debug] [2023-08-13T20:04:58.925Z] CLI Version:   12.4.7
[debug] [2023-08-13T20:04:58.925Z] Platform:      win32
[debug] [2023-08-13T20:04:58.926Z] Node Version:  v18.16.0
[debug] [2023-08-13T20:04:58.926Z] Time:          Sun Aug 13 2023 15:04:58 GMT-0500 (hora estándar de Colombia)
[debug] [2023-08-13T20:04:58.927Z] ----------------------------------------------------------------------
[debug] 
[debug] [2023-08-13T20:04:59.007Z] >>> [apiv2][query] GET https://firebase-public.firebaseio.com/cli.json [none]
[debug] [2023-08-13T20:04:59.066Z] > command requires scopes: ["email","openid","https://www.googleapis.com/auth/cloudplatformprojects.readonly","https://www.googleapis.com/auth/firebase","https://www.googleapis.com/auth/cloud-platform"]
[debug] [2023-08-13T20:04:59.067Z] > authorizing via signed-in user (1987jhonjaime@gmail.com)
[info] 
     ######## #### ########  ######## ########     ###     ######  ########
     ##        ##  ##     ## ##       ##     ##  ##   ##  ##       ##
     ######    ##  ########  ######   ########  #########  ######  ######
     ##        ##  ##    ##  ##       ##     ## ##     ##       ## ##
     ##       #### ##     ## ######## ########  ##     ##  ######  ########

You're about to initialize a Firebase project in this directory:

  C:\Users\FRESA\Documents\my_projects\firebase\deeckrite-chat

[debug] [2023-08-13T20:04:59.390Z] <<< [apiv2][status] GET https://firebase-public.firebaseio.com/cli.json 200
[debug] [2023-08-13T20:04:59.391Z] <<< [apiv2][body] GET https://firebase-public.firebaseio.com/cli.json {"cloudBuildErrorAfter":1594252800000,"cloudBuildWarnAfter":1590019200000,"defaultNode10After":1594252800000,"minVersion":"3.0.5","node8DeploysDisabledAfter":1613390400000,"node8RuntimeDisabledAfter":1615809600000,"node8WarnAfter":1600128000000}
[info] 
=== Project Setup
[info] 
[info] First, let's associate this project directory with a Firebase project.
[info] You can create multiple project aliases by running firebase use --add, 
[info] but for now we'll just set up a default project.
[info] 
[debug] [2023-08-13T20:06:04.330Z] > refreshing access token with scopes: []
[debug] [2023-08-13T20:06:04.331Z] >>> [apiv2][query] POST https://www.googleapis.com/oauth2/v3/token [none]
[debug] [2023-08-13T20:06:04.331Z] >>> [apiv2][body] POST https://www.googleapis.com/oauth2/v3/token [omitted]
[debug] [2023-08-13T20:06:04.552Z] <<< [apiv2][status] POST https://www.googleapis.com/oauth2/v3/token 200
[debug] [2023-08-13T20:06:04.552Z] <<< [apiv2][body] POST https://www.googleapis.com/oauth2/v3/token [omitted]
[debug] [2023-08-13T20:06:04.601Z] >>> [apiv2][query] GET https://firebase.googleapis.com/v1beta1/projects pageSize=100
[debug] [2023-08-13T20:06:05.070Z] <<< [apiv2][status] GET https://firebase.googleapis.com/v1beta1/projects 200
[debug] [2023-08-13T20:06:05.071Z] <<< [apiv2][body] GET https://firebase.googleapis.com/v1beta1/projects [omitted]
[info] i  Using project deeckrite-83017 (deeckrite) 
[info] 
=== Hosting Setup
[info] 
[info] Your public directory is the folder (relative to your project directory) that
[info] will contain Hosting assets to be uploaded with firebase deploy. If you
[info] have a build process for your assets, use your build's output directory.
[info] 
[debug] [2023-08-13T20:06:18.504Z] >>> [apiv2][query] GET https://www.gstatic.com/firebasejs/releases.json [none]
[debug] [2023-08-13T20:06:18.607Z] <<< [apiv2][status] GET https://www.gstatic.com/firebasejs/releases.json 200
[debug] [2023-08-13T20:06:18.608Z] <<< [apiv2][body] GET https://www.gstatic.com/firebasejs/releases.json {"current":{"version":"10.1.0","browserURL":"https://www.gstatic.com/firebasejs/10.1.0/firebase.js","packageURL":"https://www.gstatic.com/firebasejs/10.1.0/firebase.tgz"},"live":{"version":"10.1","browserURL":"https://www.gstatic.com/firebasejs/live/10.1/firebase.js","packageURL":"https://www.gstatic.com/firebasejs/live/10.1/firebase.tgz"},"components":{"analytics":"https://www.gstatic.com/firebasejs/10.1.0/firebase-analytics.js","app":"https://www.gstatic.com/firebasejs/10.1.0/firebase-app.js","app-check":"https://www.gstatic.com/firebasejs/10.1.0/firebase-app-check.js","auth":"https://www.gstatic.com/firebasejs/10.1.0/firebase-auth.js","auth/cordova":"https://www.gstatic.com/firebasejs/10.1.0/firebase-auth/cordova.js","functions":"https://www.gstatic.com/firebasejs/10.1.0/firebase-functions.js","firestore":"https://www.gstatic.com/firebasejs/10.1.0/firebase-firestore.js","firestore/lite":"https://www.gstatic.com/firebasejs/10.1.0/firebase-firestore/lite.js","installations":"https://www.gstatic.com/firebasejs/10.1.0/firebase-installations.js","storage":"https://www.gstatic.com/firebasejs/10.1.0/firebase-storage.js","performance":"https://www.gstatic.com/firebasejs/10.1.0/firebase-performance.js","remote-config":"https://www.gstatic.com/firebasejs/10.1.0/firebase-remote-config.js","messaging":"https://www.gstatic.com/firebasejs/10.1.0/firebase-messaging.js","messaging/sw":"https://www.gstatic.com/firebasejs/10.1.0/firebase-messaging/sw.js","database":"https://www.gstatic.com/firebasejs/10.1.0/firebase-database.js","firestore.memory":"https://www.gstatic.com/firebasejs/10.1.0/firebase-firestore.memory.js"}}
[info] +  Wrote public/index.html 
[info] 
[info] i  Detected a .git folder at C:\Users\FRESA\Documents\my_projects\firebase\deeckrite-chat 
[info] i  Authorizing with GitHub to upload your service account to a GitHub repository's secrets store. 
[info] 
[info] Visit this URL on this device to log in:
[info] https://github.com/login/oauth/authorize?client_id=89cf50f02ac6aaed3484&state=649725901&redirect_uri=http%3A%2F%2Flocalhost%3A9005&scope=read%3Auser%20repo%20public_repo
[info] 
[info] Waiting for authentication...
[debug] [2023-08-13T20:06:30.684Z] >>> [apiv2][query] POST https://github.com/login/oauth/access_token [none]
[debug] [2023-08-13T20:06:30.684Z] >>> [apiv2][body] POST https://github.com/login/oauth/access_token [stream]
[debug] [2023-08-13T20:06:31.033Z] <<< [apiv2][status] POST https://github.com/login/oauth/access_token 200
[debug] [2023-08-13T20:06:31.034Z] <<< [apiv2][body] POST https://github.com/login/oauth/access_token {"access_token":"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","token_type":"bearer","scope":"read:user,repo"}
[debug] [2023-08-13T20:06:31.045Z] >>> [apiv2][query] GET https://api.github.com/user [none]
[debug] [2023-08-13T20:06:31.414Z] <<< [apiv2][status] GET https://api.github.com/user 200
[debug] [2023-08-13T20:06:31.415Z] <<< [apiv2][body] GET https://api.github.com/user {"login":"JhonSmith-1987","id":77317038,"node_id":"MDQ6VXNlcjc3MzE3MDM4","avatar_url":"https://avatars.githubusercontent.com/u/77317038?v=4","gravatar_id":"","url":"https://api.github.com/users/JhonSmith-1987","html_url":"https://github.com/JhonSmith-1987","followers_url":"https://api.github.com/users/JhonSmith-1987/followers","following_url":"https://api.github.com/users/JhonSmith-1987/following{/other_user}","gists_url":"https://api.github.com/users/JhonSmith-1987/gists{/gist_id}","starred_url":"https://api.github.com/users/JhonSmith-1987/starred{/owner}{/repo}","subscriptions_url":"https://api.github.com/users/JhonSmith-1987/subscriptions","organizations_url":"https://api.github.com/users/JhonSmith-1987/orgs","repos_url":"https://api.github.com/users/JhonSmith-1987/repos","events_url":"https://api.github.com/users/JhonSmith-1987/events{/privacy}","received_events_url":"https://api.github.com/users/JhonSmith-1987/received_events","type":"User","site_admin":false,"name":null,"company":null,"blog":"","location":null,"email":null,"hireable":null,"bio":null,"twitter_username":null,"public_repos":28,"public_gists":0,"followers":2,"following":2,"created_at":"2021-01-12T05:53:23Z","updated_at":"2023-08-13T20:06:29Z","private_gists":0,"total_private_repos":3,"owned_private_repos":3,"disk_usage":144120,"collaborators":0,"two_factor_authentication":false,"plan":{"name":"free","space":976562499,"collaborators":0,"private_repos":10000}}
[info] 
[info] +  Success! Logged into GitHub as JhonSmith-1987 
[info] 
